

============================================================
versionCode: 100
versionName: 1.0.0
commit: v1.0.0
Build completed at 2025-10-06 23:33:27Z


OSError while trying to execute C:\Users\eduar\fdroid-cli\venv\Lib\site-packages\gradlew-fdroid clean: [WinError 2] O sistema não pode encontrar o arquivo especificado

============================================================
versionCode: 100
versionName: 1.0.0
commit: v1.0.0
Build completed at 2025-10-06 23:34:34Z


OSError while trying to execute C:\Users\eduar\fdroid-cli\venv\Lib\site-packages\gradlew-fdroid clean: [WinError 2] O sistema não pode encontrar o arquivo especificado

============================================================
versionCode: 100
versionName: 1.0.0
commit: v1.0.0
Build completed at 2025-10-06 23:37:43Z


OSError while trying to execute C:\Users\eduar\fdroid-cli\venv\Lib\site-packages\gradlew-fdroid clean: [WinError 2] O sistema não pode encontrar o arquivo especificado

============================================================
versionCode: 100
versionName: 1.0.0
commit: v1.0.0
Build completed at 2025-10-06 23:39:12Z


OSError while trying to execute C:\Users\eduar\fdroid-cli\venv\Lib\site-packages\gradlew-fdroid clean: [WinError 2] O sistema não pode encontrar o arquivo especificado

============================================================
versionCode: 100
versionName: 1.0.0
commit: v1.0.0
Build completed at 2025-10-06 23:39:37Z


OSError while trying to execute C:\Users\eduar\fdroid-cli\venv\Lib\site-packages\gradlew-fdroid clean: [WinError 2] O sistema não pode encontrar o arquivo especificado